2020-11-13 17:32:45,082 DEBUG    root            Loaded Command Group: ['gcloud', 'components']
2020-11-13 17:32:45,086 DEBUG    root            Loaded Command Group: ['gcloud', 'components', 'update']
2020-11-13 17:32:45,091 DEBUG    root            Running [gcloud.components.update] with arguments: [--allow-no-backup: "True", --quiet: "True", COMPONENT-IDS:7: "['core', 'gcloud-deps', 'bq', 'gcloud', 'gsutil', 'anthoscli', 'kuberun']"]
2020-11-13 17:32:57,367 INFO     ___FILE_ONLY___ 

2020-11-13 17:32:57,368 INFO     ___FILE_ONLY___ 
Your current Cloud SDK version is: 318.0.0

2020-11-13 17:32:57,368 INFO     ___FILE_ONLY___ Installing components from version: 318.0.0

2020-11-13 17:32:57,368 INFO     ___FILE_ONLY___ 

2020-11-13 17:32:57,379 INFO     ___FILE_ONLY___ ┌─────────────────────────────────────────────────────────────────────────────┐
2020-11-13 17:32:57,380 INFO     ___FILE_ONLY___ 

2020-11-13 17:32:57,380 INFO     ___FILE_ONLY___ │                     These components will be installed.                     │
2020-11-13 17:32:57,380 INFO     ___FILE_ONLY___ 

2020-11-13 17:32:57,380 INFO     ___FILE_ONLY___ ├─────────────────────────────────────────────────────┬────────────┬──────────┤
2020-11-13 17:32:57,380 INFO     ___FILE_ONLY___ 

2020-11-13 17:32:57,380 INFO     ___FILE_ONLY___ │                         Name                        │  Version   │   Size   │
2020-11-13 17:32:57,381 INFO     ___FILE_ONLY___ 

2020-11-13 17:32:57,381 INFO     ___FILE_ONLY___ ├─────────────────────────────────────────────────────┼────────────┼──────────┤
2020-11-13 17:32:57,381 INFO     ___FILE_ONLY___ 

2020-11-13 17:32:57,381 INFO     ___FILE_ONLY___ │ 
2020-11-13 17:32:57,381 INFO     ___FILE_ONLY___ BigQuery Command Line Tool                         
2020-11-13 17:32:57,381 INFO     ___FILE_ONLY___  
2020-11-13 17:32:57,381 INFO     ___FILE_ONLY___ │ 
2020-11-13 17:32:57,382 INFO     ___FILE_ONLY___     2.0.62
2020-11-13 17:32:57,382 INFO     ___FILE_ONLY___  
2020-11-13 17:32:57,382 INFO     ___FILE_ONLY___ │ 
2020-11-13 17:32:57,382 INFO     ___FILE_ONLY___  < 1 MiB
2020-11-13 17:32:57,382 INFO     ___FILE_ONLY___  
2020-11-13 17:32:57,382 INFO     ___FILE_ONLY___ │
2020-11-13 17:32:57,383 INFO     ___FILE_ONLY___ 

2020-11-13 17:32:57,383 INFO     ___FILE_ONLY___ │ 
2020-11-13 17:32:57,383 INFO     ___FILE_ONLY___ BigQuery Command Line Tool (Platform Specific)     
2020-11-13 17:32:57,383 INFO     ___FILE_ONLY___  
2020-11-13 17:32:57,383 INFO     ___FILE_ONLY___ │ 
2020-11-13 17:32:57,383 INFO     ___FILE_ONLY___     2.0.58
2020-11-13 17:32:57,384 INFO     ___FILE_ONLY___  
2020-11-13 17:32:57,384 INFO     ___FILE_ONLY___ │ 
2020-11-13 17:32:57,384 INFO     ___FILE_ONLY___  < 1 MiB
2020-11-13 17:32:57,384 INFO     ___FILE_ONLY___  
2020-11-13 17:32:57,384 INFO     ___FILE_ONLY___ │
2020-11-13 17:32:57,384 INFO     ___FILE_ONLY___ 

2020-11-13 17:32:57,384 INFO     ___FILE_ONLY___ │ 
2020-11-13 17:32:57,385 INFO     ___FILE_ONLY___ Cloud SDK Core Libraries (Platform Specific)       
2020-11-13 17:32:57,385 INFO     ___FILE_ONLY___  
2020-11-13 17:32:57,385 INFO     ___FILE_ONLY___ │ 
2020-11-13 17:32:57,385 INFO     ___FILE_ONLY___ 2020.07.10
2020-11-13 17:32:57,385 INFO     ___FILE_ONLY___  
2020-11-13 17:32:57,385 INFO     ___FILE_ONLY___ │ 
2020-11-13 17:32:57,386 INFO     ___FILE_ONLY___  < 1 MiB
2020-11-13 17:32:57,386 INFO     ___FILE_ONLY___  
2020-11-13 17:32:57,386 INFO     ___FILE_ONLY___ │
2020-11-13 17:32:57,386 INFO     ___FILE_ONLY___ 

2020-11-13 17:32:57,386 INFO     ___FILE_ONLY___ │ 
2020-11-13 17:32:57,386 INFO     ___FILE_ONLY___ Cloud Storage Command Line Tool                    
2020-11-13 17:32:57,386 INFO     ___FILE_ONLY___  
2020-11-13 17:32:57,387 INFO     ___FILE_ONLY___ │ 
2020-11-13 17:32:57,387 INFO     ___FILE_ONLY___       4.54
2020-11-13 17:32:57,387 INFO     ___FILE_ONLY___  
2020-11-13 17:32:57,387 INFO     ___FILE_ONLY___ │ 
2020-11-13 17:32:57,387 INFO     ___FILE_ONLY___  3.5 MiB
2020-11-13 17:32:57,387 INFO     ___FILE_ONLY___  
2020-11-13 17:32:57,388 INFO     ___FILE_ONLY___ │
2020-11-13 17:32:57,388 INFO     ___FILE_ONLY___ 

2020-11-13 17:32:57,388 INFO     ___FILE_ONLY___ │ 
2020-11-13 17:32:57,388 INFO     ___FILE_ONLY___ Cloud Storage Command Line Tool (Platform Specific)
2020-11-13 17:32:57,388 INFO     ___FILE_ONLY___  
2020-11-13 17:32:57,388 INFO     ___FILE_ONLY___ │ 
2020-11-13 17:32:57,389 INFO     ___FILE_ONLY___       4.51
2020-11-13 17:32:57,389 INFO     ___FILE_ONLY___  
2020-11-13 17:32:57,389 INFO     ___FILE_ONLY___ │ 
2020-11-13 17:32:57,389 INFO     ___FILE_ONLY___  < 1 MiB
2020-11-13 17:32:57,389 INFO     ___FILE_ONLY___  
2020-11-13 17:32:57,389 INFO     ___FILE_ONLY___ │
2020-11-13 17:32:57,389 INFO     ___FILE_ONLY___ 

2020-11-13 17:32:57,390 INFO     ___FILE_ONLY___ │ 
2020-11-13 17:32:57,390 INFO     ___FILE_ONLY___ Default set of gcloud commands                     
2020-11-13 17:32:57,390 INFO     ___FILE_ONLY___  
2020-11-13 17:32:57,390 INFO     ___FILE_ONLY___ │ 
2020-11-13 17:32:57,390 INFO     ___FILE_ONLY___           
2020-11-13 17:32:57,390 INFO     ___FILE_ONLY___  
2020-11-13 17:32:57,391 INFO     ___FILE_ONLY___ │ 
2020-11-13 17:32:57,391 INFO     ___FILE_ONLY___         
2020-11-13 17:32:57,391 INFO     ___FILE_ONLY___  
2020-11-13 17:32:57,391 INFO     ___FILE_ONLY___ │
2020-11-13 17:32:57,391 INFO     ___FILE_ONLY___ 

2020-11-13 17:32:57,391 INFO     ___FILE_ONLY___ │ 
2020-11-13 17:32:57,391 INFO     ___FILE_ONLY___ Kuberun                                            
2020-11-13 17:32:57,392 INFO     ___FILE_ONLY___  
2020-11-13 17:32:57,392 INFO     ___FILE_ONLY___ │ 
2020-11-13 17:32:57,392 INFO     ___FILE_ONLY___      0.0.1
2020-11-13 17:32:57,392 INFO     ___FILE_ONLY___  
2020-11-13 17:32:57,392 INFO     ___FILE_ONLY___ │ 
2020-11-13 17:32:57,392 INFO     ___FILE_ONLY___ 22.5 MiB
2020-11-13 17:32:57,392 INFO     ___FILE_ONLY___  
2020-11-13 17:32:57,393 INFO     ___FILE_ONLY___ │
2020-11-13 17:32:57,393 INFO     ___FILE_ONLY___ 

2020-11-13 17:32:57,393 INFO     ___FILE_ONLY___ │ 
2020-11-13 17:32:57,393 INFO     ___FILE_ONLY___ Kuberun                                            
2020-11-13 17:32:57,393 INFO     ___FILE_ONLY___  
2020-11-13 17:32:57,393 INFO     ___FILE_ONLY___ │ 
2020-11-13 17:32:57,394 INFO     ___FILE_ONLY___      0.0.1
2020-11-13 17:32:57,394 INFO     ___FILE_ONLY___  
2020-11-13 17:32:57,394 INFO     ___FILE_ONLY___ │ 
2020-11-13 17:32:57,394 INFO     ___FILE_ONLY___         
2020-11-13 17:32:57,394 INFO     ___FILE_ONLY___  
2020-11-13 17:32:57,394 INFO     ___FILE_ONLY___ │
2020-11-13 17:32:57,394 INFO     ___FILE_ONLY___ 

2020-11-13 17:32:57,394 INFO     ___FILE_ONLY___ │ 
2020-11-13 17:32:57,395 INFO     ___FILE_ONLY___ anthoscli                                          
2020-11-13 17:32:57,395 INFO     ___FILE_ONLY___  
2020-11-13 17:32:57,395 INFO     ___FILE_ONLY___ │ 
2020-11-13 17:32:57,395 INFO     ___FILE_ONLY___      0.2.7
2020-11-13 17:32:57,395 INFO     ___FILE_ONLY___  
2020-11-13 17:32:57,396 INFO     ___FILE_ONLY___ │ 
2020-11-13 17:32:57,396 INFO     ___FILE_ONLY___         
2020-11-13 17:32:57,396 INFO     ___FILE_ONLY___  
2020-11-13 17:32:57,396 INFO     ___FILE_ONLY___ │
2020-11-13 17:32:57,396 INFO     ___FILE_ONLY___ 

2020-11-13 17:32:57,396 INFO     ___FILE_ONLY___ │ 
2020-11-13 17:32:57,397 INFO     ___FILE_ONLY___ anthoscli                                          
2020-11-13 17:32:57,397 INFO     ___FILE_ONLY___  
2020-11-13 17:32:57,397 INFO     ___FILE_ONLY___ │ 
2020-11-13 17:32:57,397 INFO     ___FILE_ONLY___      0.2.7
2020-11-13 17:32:57,397 INFO     ___FILE_ONLY___  
2020-11-13 17:32:57,397 INFO     ___FILE_ONLY___ │ 
2020-11-13 17:32:57,398 INFO     ___FILE_ONLY___ 51.7 MiB
2020-11-13 17:32:57,398 INFO     ___FILE_ONLY___  
2020-11-13 17:32:57,398 INFO     ___FILE_ONLY___ │
2020-11-13 17:32:57,398 INFO     ___FILE_ONLY___ 

2020-11-13 17:32:57,398 INFO     ___FILE_ONLY___ │ 
2020-11-13 17:32:57,398 INFO     ___FILE_ONLY___ gcloud cli dependencies                            
2020-11-13 17:32:57,398 INFO     ___FILE_ONLY___  
2020-11-13 17:32:57,399 INFO     ___FILE_ONLY___ │ 
2020-11-13 17:32:57,399 INFO     ___FILE_ONLY___ 2020.06.12
2020-11-13 17:32:57,399 INFO     ___FILE_ONLY___  
2020-11-13 17:32:57,399 INFO     ___FILE_ONLY___ │ 
2020-11-13 17:32:57,399 INFO     ___FILE_ONLY___  < 1 MiB
2020-11-13 17:32:57,399 INFO     ___FILE_ONLY___  
2020-11-13 17:32:57,400 INFO     ___FILE_ONLY___ │
2020-11-13 17:32:57,400 INFO     ___FILE_ONLY___ 

2020-11-13 17:32:57,400 INFO     ___FILE_ONLY___ └─────────────────────────────────────────────────────┴────────────┴──────────┘
2020-11-13 17:32:57,400 INFO     ___FILE_ONLY___ 

2020-11-13 17:32:57,400 INFO     ___FILE_ONLY___ 

2020-11-13 17:32:57,630 INFO     ___FILE_ONLY___ For the latest full release notes, please visit:
  https://cloud.google.com/sdk/release_notes


2020-11-13 17:32:57,635 INFO     ___FILE_ONLY___ ╔════════════════════════════════════════════════════════════╗

2020-11-13 17:32:57,635 INFO     ___FILE_ONLY___ ╠═ Creating update staging area                             ═╣

2020-11-13 17:32:57,635 INFO     ___FILE_ONLY___ ╚
2020-11-13 17:32:57,636 INFO     ___FILE_ONLY___ ══════
2020-11-13 17:32:57,636 INFO     ___FILE_ONLY___ ══════
2020-11-13 17:32:57,636 INFO     ___FILE_ONLY___ ══════
2020-11-13 17:32:57,868 INFO     ___FILE_ONLY___ ═
2020-11-13 17:32:57,920 INFO     ___FILE_ONLY___ ═
2020-11-13 17:32:57,967 INFO     ___FILE_ONLY___ ═
2020-11-13 17:32:58,017 INFO     ___FILE_ONLY___ ═
2020-11-13 17:32:58,071 INFO     ___FILE_ONLY___ ═
2020-11-13 17:32:58,117 INFO     ___FILE_ONLY___ ═
2020-11-13 17:32:58,151 INFO     ___FILE_ONLY___ ═
2020-11-13 17:32:58,212 INFO     ___FILE_ONLY___ ═
2020-11-13 17:32:58,274 INFO     ___FILE_ONLY___ ═
2020-11-13 17:32:58,334 INFO     ___FILE_ONLY___ ═
2020-11-13 17:32:58,381 INFO     ___FILE_ONLY___ ═
2020-11-13 17:32:58,435 INFO     ___FILE_ONLY___ ═
2020-11-13 17:32:58,503 INFO     ___FILE_ONLY___ ═
2020-11-13 17:32:58,552 INFO     ___FILE_ONLY___ ═
2020-11-13 17:32:58,617 INFO     ___FILE_ONLY___ ═
2020-11-13 17:32:58,722 INFO     ___FILE_ONLY___ ═
2020-11-13 17:32:58,772 INFO     ___FILE_ONLY___ ═
2020-11-13 17:32:58,828 INFO     ___FILE_ONLY___ ═
2020-11-13 17:32:58,885 INFO     ___FILE_ONLY___ ═
2020-11-13 17:32:58,936 INFO     ___FILE_ONLY___ ═
2020-11-13 17:32:58,993 INFO     ___FILE_ONLY___ ═
2020-11-13 17:32:59,044 INFO     ___FILE_ONLY___ ═
2020-11-13 17:32:59,098 INFO     ___FILE_ONLY___ ═
2020-11-13 17:32:59,150 INFO     ___FILE_ONLY___ ═
2020-11-13 17:32:59,218 INFO     ___FILE_ONLY___ ═
2020-11-13 17:32:59,291 INFO     ___FILE_ONLY___ ═
2020-11-13 17:32:59,343 INFO     ___FILE_ONLY___ ═
2020-11-13 17:32:59,526 INFO     ___FILE_ONLY___ ═
2020-11-13 17:32:59,603 INFO     ___FILE_ONLY___ ═
2020-11-13 17:32:59,741 INFO     ___FILE_ONLY___ ═
2020-11-13 17:32:59,852 INFO     ___FILE_ONLY___ ═
2020-11-13 17:32:59,885 INFO     ___FILE_ONLY___ ═
2020-11-13 17:32:59,909 INFO     ___FILE_ONLY___ ═
2020-11-13 17:32:59,933 INFO     ___FILE_ONLY___ ═
2020-11-13 17:32:59,961 INFO     ___FILE_ONLY___ ═
2020-11-13 17:32:59,997 INFO     ___FILE_ONLY___ ═
2020-11-13 17:33:00,023 INFO     ___FILE_ONLY___ ═
2020-11-13 17:33:00,048 INFO     ___FILE_ONLY___ ═
2020-11-13 17:33:00,071 INFO     ___FILE_ONLY___ ═
2020-11-13 17:33:00,101 INFO     ___FILE_ONLY___ ═
2020-11-13 17:33:00,155 INFO     ___FILE_ONLY___ ═
2020-11-13 17:33:00,237 INFO     ___FILE_ONLY___ ═
2020-11-13 17:33:00,237 INFO     ___FILE_ONLY___ ╝

2020-11-13 17:33:00,316 INFO     ___FILE_ONLY___ ╔════════════════════════════════════════════════════════════╗

2020-11-13 17:33:00,316 INFO     ___FILE_ONLY___ ╠═ Installing: BigQuery Command Line Tool                   ═╣

2020-11-13 17:33:00,316 INFO     ___FILE_ONLY___ ╚
2020-11-13 17:33:00,546 INFO     ___FILE_ONLY___ ═
2020-11-13 17:33:00,547 INFO     ___FILE_ONLY___ ═
2020-11-13 17:33:00,547 INFO     ___FILE_ONLY___ ═
2020-11-13 17:33:00,548 INFO     ___FILE_ONLY___ ═
2020-11-13 17:33:00,548 INFO     ___FILE_ONLY___ ═
2020-11-13 17:33:00,549 INFO     ___FILE_ONLY___ ═
2020-11-13 17:33:00,549 INFO     ___FILE_ONLY___ ═
2020-11-13 17:33:00,550 INFO     ___FILE_ONLY___ ═
2020-11-13 17:33:00,551 INFO     ___FILE_ONLY___ ═
2020-11-13 17:33:00,551 INFO     ___FILE_ONLY___ ═
2020-11-13 17:33:00,552 INFO     ___FILE_ONLY___ ═
2020-11-13 17:33:00,552 INFO     ___FILE_ONLY___ ═
2020-11-13 17:33:00,552 INFO     ___FILE_ONLY___ ═
2020-11-13 17:33:00,553 INFO     ___FILE_ONLY___ ═
2020-11-13 17:33:00,553 INFO     ___FILE_ONLY___ ═
2020-11-13 17:33:00,554 INFO     ___FILE_ONLY___ ═
2020-11-13 17:33:00,554 INFO     ___FILE_ONLY___ ═
2020-11-13 17:33:00,555 INFO     ___FILE_ONLY___ ═
2020-11-13 17:33:00,555 INFO     ___FILE_ONLY___ ═
2020-11-13 17:33:00,556 INFO     ___FILE_ONLY___ ═
2020-11-13 17:33:00,556 INFO     ___FILE_ONLY___ ═
2020-11-13 17:33:00,556 INFO     ___FILE_ONLY___ ═
2020-11-13 17:33:00,557 INFO     ___FILE_ONLY___ ═
2020-11-13 17:33:00,557 INFO     ___FILE_ONLY___ ═
2020-11-13 17:33:00,558 INFO     ___FILE_ONLY___ ═
2020-11-13 17:33:00,558 INFO     ___FILE_ONLY___ ═
2020-11-13 17:33:00,559 INFO     ___FILE_ONLY___ ═
2020-11-13 17:33:00,559 INFO     ___FILE_ONLY___ ═
2020-11-13 17:33:00,560 INFO     ___FILE_ONLY___ ═
2020-11-13 17:33:00,561 INFO     ___FILE_ONLY___ ═
2020-11-13 17:33:00,616 INFO     ___FILE_ONLY___ ═
2020-11-13 17:33:00,624 INFO     ___FILE_ONLY___ ═
2020-11-13 17:33:00,627 INFO     ___FILE_ONLY___ ═
2020-11-13 17:33:00,631 INFO     ___FILE_ONLY___ ═
2020-11-13 17:33:00,633 INFO     ___FILE_ONLY___ ═
2020-11-13 17:33:00,636 INFO     ___FILE_ONLY___ ═
2020-11-13 17:33:00,640 INFO     ___FILE_ONLY___ ═
2020-11-13 17:33:00,642 INFO     ___FILE_ONLY___ ═
2020-11-13 17:33:00,645 INFO     ___FILE_ONLY___ ═
2020-11-13 17:33:00,648 INFO     ___FILE_ONLY___ ═
2020-11-13 17:33:00,655 INFO     ___FILE_ONLY___ ═
2020-11-13 17:33:00,657 INFO     ___FILE_ONLY___ ═
2020-11-13 17:33:00,661 INFO     ___FILE_ONLY___ ═
2020-11-13 17:33:00,664 INFO     ___FILE_ONLY___ ═
2020-11-13 17:33:00,666 INFO     ___FILE_ONLY___ ═
2020-11-13 17:33:00,669 INFO     ___FILE_ONLY___ ═
2020-11-13 17:33:00,671 INFO     ___FILE_ONLY___ ═
2020-11-13 17:33:00,674 INFO     ___FILE_ONLY___ ═
2020-11-13 17:33:00,677 INFO     ___FILE_ONLY___ ═
2020-11-13 17:33:00,680 INFO     ___FILE_ONLY___ ═
2020-11-13 17:33:00,684 INFO     ___FILE_ONLY___ ═
2020-11-13 17:33:00,686 INFO     ___FILE_ONLY___ ═
2020-11-13 17:33:00,689 INFO     ___FILE_ONLY___ ═
2020-11-13 17:33:00,691 INFO     ___FILE_ONLY___ ═
2020-11-13 17:33:00,695 INFO     ___FILE_ONLY___ ═
2020-11-13 17:33:00,697 INFO     ___FILE_ONLY___ ═
2020-11-13 17:33:00,700 INFO     ___FILE_ONLY___ ═
2020-11-13 17:33:00,703 INFO     ___FILE_ONLY___ ═
2020-11-13 17:33:00,706 INFO     ___FILE_ONLY___ ═
2020-11-13 17:33:00,709 INFO     ___FILE_ONLY___ ═
2020-11-13 17:33:00,709 INFO     ___FILE_ONLY___ ╝

2020-11-13 17:33:00,723 INFO     ___FILE_ONLY___ ╔════════════════════════════════════════════════════════════╗

2020-11-13 17:33:00,723 INFO     ___FILE_ONLY___ ╠═ Installing: BigQuery Command Line Tool (Platform Spec... ═╣

2020-11-13 17:33:00,723 INFO     ___FILE_ONLY___ ╚
2020-11-13 17:33:00,961 INFO     ___FILE_ONLY___ ══════════════════════════════
2020-11-13 17:33:00,962 INFO     ___FILE_ONLY___ ══════════════════════════════
2020-11-13 17:33:00,962 INFO     ___FILE_ONLY___ ╝

2020-11-13 17:33:00,971 INFO     ___FILE_ONLY___ ╔════════════════════════════════════════════════════════════╗

2020-11-13 17:33:00,972 INFO     ___FILE_ONLY___ ╠═ Installing: Cloud SDK Core Libraries (Platform Specific) ═╣

2020-11-13 17:33:00,972 INFO     ___FILE_ONLY___ ╚
2020-11-13 17:33:01,243 INFO     ___FILE_ONLY___ ══════════════════════════════
2020-11-13 17:33:01,245 INFO     ___FILE_ONLY___ ═══════════════
2020-11-13 17:33:01,245 INFO     ___FILE_ONLY___ ═══════════════
2020-11-13 17:33:01,245 INFO     ___FILE_ONLY___ ╝

2020-11-13 17:33:01,255 INFO     ___FILE_ONLY___ ╔════════════════════════════════════════════════════════════╗

2020-11-13 17:33:01,255 INFO     ___FILE_ONLY___ ╠═ Installing: Cloud Storage Command Line Tool              ═╣

2020-11-13 17:33:01,255 INFO     ___FILE_ONLY___ ╚
2020-11-13 17:33:01,496 INFO     ___FILE_ONLY___ ═
2020-11-13 17:33:01,497 INFO     ___FILE_ONLY___ ═
2020-11-13 17:33:01,499 INFO     ___FILE_ONLY___ ═
2020-11-13 17:33:01,500 INFO     ___FILE_ONLY___ ═
2020-11-13 17:33:01,502 INFO     ___FILE_ONLY___ ═
2020-11-13 17:33:01,504 INFO     ___FILE_ONLY___ ═
2020-11-13 17:33:01,505 INFO     ___FILE_ONLY___ ═
2020-11-13 17:33:01,507 INFO     ___FILE_ONLY___ ═
2020-11-13 17:33:01,508 INFO     ___FILE_ONLY___ ═
2020-11-13 17:33:01,508 INFO     ___FILE_ONLY___ ═
2020-11-13 17:33:01,509 INFO     ___FILE_ONLY___ ═
2020-11-13 17:33:01,510 INFO     ___FILE_ONLY___ ═
2020-11-13 17:33:01,510 INFO     ___FILE_ONLY___ ═
2020-11-13 17:33:01,511 INFO     ___FILE_ONLY___ ═
2020-11-13 17:33:01,511 INFO     ___FILE_ONLY___ ═
2020-11-13 17:33:01,512 INFO     ___FILE_ONLY___ ═
2020-11-13 17:33:01,512 INFO     ___FILE_ONLY___ ═
2020-11-13 17:33:01,513 INFO     ___FILE_ONLY___ ═
2020-11-13 17:33:01,514 INFO     ___FILE_ONLY___ ═
2020-11-13 17:33:01,514 INFO     ___FILE_ONLY___ ═
2020-11-13 17:33:01,515 INFO     ___FILE_ONLY___ ═
2020-11-13 17:33:01,516 INFO     ___FILE_ONLY___ ═
2020-11-13 17:33:01,516 INFO     ___FILE_ONLY___ ═
2020-11-13 17:33:01,517 INFO     ___FILE_ONLY___ ═
2020-11-13 17:33:01,517 INFO     ___FILE_ONLY___ ═
2020-11-13 17:33:01,518 INFO     ___FILE_ONLY___ ═
2020-11-13 17:33:01,519 INFO     ___FILE_ONLY___ ═
2020-11-13 17:33:01,519 INFO     ___FILE_ONLY___ ═
2020-11-13 17:33:01,520 INFO     ___FILE_ONLY___ ═
2020-11-13 17:33:01,522 INFO     ___FILE_ONLY___ ═
2020-11-13 17:33:01,809 INFO     ___FILE_ONLY___ ═
2020-11-13 17:33:01,834 INFO     ___FILE_ONLY___ ═
2020-11-13 17:33:01,850 INFO     ___FILE_ONLY___ ═
2020-11-13 17:33:01,871 INFO     ___FILE_ONLY___ ═
2020-11-13 17:33:01,889 INFO     ___FILE_ONLY___ ═
2020-11-13 17:33:01,906 INFO     ___FILE_ONLY___ ═
2020-11-13 17:33:01,921 INFO     ___FILE_ONLY___ ═
2020-11-13 17:33:01,937 INFO     ___FILE_ONLY___ ═
2020-11-13 17:33:01,952 INFO     ___FILE_ONLY___ ═
2020-11-13 17:33:01,969 INFO     ___FILE_ONLY___ ═
2020-11-13 17:33:01,985 INFO     ___FILE_ONLY___ ═
2020-11-13 17:33:02,003 INFO     ___FILE_ONLY___ ═
2020-11-13 17:33:02,026 INFO     ___FILE_ONLY___ ═
2020-11-13 17:33:02,052 INFO     ___FILE_ONLY___ ═
2020-11-13 17:33:02,070 INFO     ___FILE_ONLY___ ═
2020-11-13 17:33:02,092 INFO     ___FILE_ONLY___ ═
2020-11-13 17:33:02,111 INFO     ___FILE_ONLY___ ═
2020-11-13 17:33:02,133 INFO     ___FILE_ONLY___ ═
2020-11-13 17:33:02,155 INFO     ___FILE_ONLY___ ═
2020-11-13 17:33:02,175 INFO     ___FILE_ONLY___ ═
2020-11-13 17:33:02,192 INFO     ___FILE_ONLY___ ═
2020-11-13 17:33:02,208 INFO     ___FILE_ONLY___ ═
2020-11-13 17:33:02,225 INFO     ___FILE_ONLY___ ═
2020-11-13 17:33:02,243 INFO     ___FILE_ONLY___ ═
2020-11-13 17:33:02,258 INFO     ___FILE_ONLY___ ═
2020-11-13 17:33:02,274 INFO     ___FILE_ONLY___ ═
2020-11-13 17:33:02,291 INFO     ___FILE_ONLY___ ═
2020-11-13 17:33:02,307 INFO     ___FILE_ONLY___ ═
2020-11-13 17:33:02,333 INFO     ___FILE_ONLY___ ═
2020-11-13 17:33:02,356 INFO     ___FILE_ONLY___ ═
2020-11-13 17:33:02,356 INFO     ___FILE_ONLY___ ╝

2020-11-13 17:33:02,411 INFO     ___FILE_ONLY___ ╔════════════════════════════════════════════════════════════╗

2020-11-13 17:33:02,411 INFO     ___FILE_ONLY___ ╠═ Installing: Cloud Storage Command Line Tool (Platform... ═╣

2020-11-13 17:33:02,411 INFO     ___FILE_ONLY___ ╚
2020-11-13 17:33:02,648 INFO     ___FILE_ONLY___ ══════════════════════════════
2020-11-13 17:33:02,650 INFO     ___FILE_ONLY___ ══════════════════════════════
2020-11-13 17:33:02,650 INFO     ___FILE_ONLY___ ╝

2020-11-13 17:33:02,659 INFO     ___FILE_ONLY___ ╔════════════════════════════════════════════════════════════╗

2020-11-13 17:33:02,660 INFO     ___FILE_ONLY___ ╠═ Installing: Default set of gcloud commands               ═╣

2020-11-13 17:33:02,660 INFO     ___FILE_ONLY___ ╚
2020-11-13 17:33:02,665 INFO     ___FILE_ONLY___ ════════════════════════════════════════════════════════════
2020-11-13 17:33:02,665 INFO     ___FILE_ONLY___ ╝

2020-11-13 17:33:02,668 INFO     ___FILE_ONLY___ ╔════════════════════════════════════════════════════════════╗

2020-11-13 17:33:02,669 INFO     ___FILE_ONLY___ ╠═ Installing: Kuberun                                      ═╣

2020-11-13 17:33:02,669 INFO     ___FILE_ONLY___ ╚
2020-11-13 17:33:02,905 INFO     ___FILE_ONLY___ ═
2020-11-13 17:33:02,910 INFO     ___FILE_ONLY___ ═
2020-11-13 17:33:02,913 INFO     ___FILE_ONLY___ ═
2020-11-13 17:33:02,917 INFO     ___FILE_ONLY___ ═
2020-11-13 17:33:02,921 INFO     ___FILE_ONLY___ ═
2020-11-13 17:33:02,925 INFO     ___FILE_ONLY___ ═
2020-11-13 17:33:02,928 INFO     ___FILE_ONLY___ ═
2020-11-13 17:33:02,932 INFO     ___FILE_ONLY___ ═
2020-11-13 17:33:02,936 INFO     ___FILE_ONLY___ ═
2020-11-13 17:33:02,939 INFO     ___FILE_ONLY___ ═
2020-11-13 17:33:02,943 INFO     ___FILE_ONLY___ ═
2020-11-13 17:33:02,947 INFO     ___FILE_ONLY___ ═
2020-11-13 17:33:02,951 INFO     ___FILE_ONLY___ ═
2020-11-13 17:33:02,955 INFO     ___FILE_ONLY___ ═
2020-11-13 17:33:02,958 INFO     ___FILE_ONLY___ ═
2020-11-13 17:33:02,962 INFO     ___FILE_ONLY___ ═
2020-11-13 17:33:02,966 INFO     ___FILE_ONLY___ ═
2020-11-13 17:33:02,970 INFO     ___FILE_ONLY___ ═
2020-11-13 17:33:02,974 INFO     ___FILE_ONLY___ ═
2020-11-13 17:33:02,977 INFO     ___FILE_ONLY___ ═
2020-11-13 17:33:02,981 INFO     ___FILE_ONLY___ ═
2020-11-13 17:33:02,985 INFO     ___FILE_ONLY___ ═
2020-11-13 17:33:02,988 INFO     ___FILE_ONLY___ ═
2020-11-13 17:33:02,992 INFO     ___FILE_ONLY___ ═
2020-11-13 17:33:02,996 INFO     ___FILE_ONLY___ ═
2020-11-13 17:33:02,999 INFO     ___FILE_ONLY___ ═
2020-11-13 17:33:03,003 INFO     ___FILE_ONLY___ ═
2020-11-13 17:33:03,007 INFO     ___FILE_ONLY___ ═
2020-11-13 17:33:03,010 INFO     ___FILE_ONLY___ ═
2020-11-13 17:33:03,015 INFO     ___FILE_ONLY___ ═
2020-11-13 17:33:03,900 INFO     ___FILE_ONLY___ ══════════════════════════════
2020-11-13 17:33:03,900 INFO     ___FILE_ONLY___ ╝

2020-11-13 17:33:03,914 INFO     ___FILE_ONLY___ ╔════════════════════════════════════════════════════════════╗

2020-11-13 17:33:03,914 INFO     ___FILE_ONLY___ ╠═ Installing: Kuberun                                      ═╣

2020-11-13 17:33:03,914 INFO     ___FILE_ONLY___ ╚
2020-11-13 17:33:03,919 INFO     ___FILE_ONLY___ ════════════════════════════════════════════════════════════
2020-11-13 17:33:03,919 INFO     ___FILE_ONLY___ ╝

2020-11-13 17:33:03,923 INFO     ___FILE_ONLY___ ╔════════════════════════════════════════════════════════════╗

2020-11-13 17:33:03,923 INFO     ___FILE_ONLY___ ╠═ Installing: anthoscli                                    ═╣

2020-11-13 17:33:03,924 INFO     ___FILE_ONLY___ ╚
2020-11-13 17:33:03,929 INFO     ___FILE_ONLY___ ════════════════════════════════════════════════════════════
2020-11-13 17:33:03,929 INFO     ___FILE_ONLY___ ╝

2020-11-13 17:33:03,933 INFO     ___FILE_ONLY___ ╔════════════════════════════════════════════════════════════╗

2020-11-13 17:33:03,933 INFO     ___FILE_ONLY___ ╠═ Installing: anthoscli                                    ═╣

2020-11-13 17:33:03,933 INFO     ___FILE_ONLY___ ╚
2020-11-13 17:33:04,175 INFO     ___FILE_ONLY___ ═
2020-11-13 17:33:04,183 INFO     ___FILE_ONLY___ ═
2020-11-13 17:33:04,192 INFO     ___FILE_ONLY___ ═
2020-11-13 17:33:04,200 INFO     ___FILE_ONLY___ ═
2020-11-13 17:33:04,209 INFO     ___FILE_ONLY___ ═
2020-11-13 17:33:04,217 INFO     ___FILE_ONLY___ ═
2020-11-13 17:33:04,226 INFO     ___FILE_ONLY___ ═
2020-11-13 17:33:04,234 INFO     ___FILE_ONLY___ ═
2020-11-13 17:33:04,242 INFO     ___FILE_ONLY___ ═
2020-11-13 17:33:04,251 INFO     ___FILE_ONLY___ ═
2020-11-13 17:33:04,259 INFO     ___FILE_ONLY___ ═
2020-11-13 17:33:04,268 INFO     ___FILE_ONLY___ ═
2020-11-13 17:33:04,276 INFO     ___FILE_ONLY___ ═
2020-11-13 17:33:04,285 INFO     ___FILE_ONLY___ ═
2020-11-13 17:33:04,293 INFO     ___FILE_ONLY___ ═
2020-11-13 17:33:04,302 INFO     ___FILE_ONLY___ ═
2020-11-13 17:33:04,311 INFO     ___FILE_ONLY___ ═
2020-11-13 17:33:04,320 INFO     ___FILE_ONLY___ ═
2020-11-13 17:33:04,328 INFO     ___FILE_ONLY___ ═
2020-11-13 17:33:04,337 INFO     ___FILE_ONLY___ ═
2020-11-13 17:33:04,345 INFO     ___FILE_ONLY___ ═
2020-11-13 17:33:04,354 INFO     ___FILE_ONLY___ ═
2020-11-13 17:33:04,362 INFO     ___FILE_ONLY___ ═
2020-11-13 17:33:04,371 INFO     ___FILE_ONLY___ ═
2020-11-13 17:33:04,379 INFO     ___FILE_ONLY___ ═
2020-11-13 17:33:04,388 INFO     ___FILE_ONLY___ ═
2020-11-13 17:33:04,397 INFO     ___FILE_ONLY___ ═
2020-11-13 17:33:04,405 INFO     ___FILE_ONLY___ ═
2020-11-13 17:33:04,414 INFO     ___FILE_ONLY___ ═
2020-11-13 17:33:04,424 INFO     ___FILE_ONLY___ ═
2020-11-13 17:33:06,437 INFO     ___FILE_ONLY___ ══════════
2020-11-13 17:33:06,442 INFO     ___FILE_ONLY___ ═════════
2020-11-13 17:33:06,467 INFO     ___FILE_ONLY___ ═══════════
2020-11-13 17:33:06,467 INFO     ___FILE_ONLY___ ╝

2020-11-13 17:33:06,485 INFO     ___FILE_ONLY___ ╔════════════════════════════════════════════════════════════╗

2020-11-13 17:33:06,486 INFO     ___FILE_ONLY___ ╠═ Installing: gcloud cli dependencies                      ═╣

2020-11-13 17:33:06,486 INFO     ___FILE_ONLY___ ╚
2020-11-13 17:33:06,705 INFO     ___FILE_ONLY___ ══════════════════════════════
2020-11-13 17:33:06,707 INFO     ___FILE_ONLY___ ══════
2020-11-13 17:33:06,707 INFO     ___FILE_ONLY___ ══════
2020-11-13 17:33:06,707 INFO     ___FILE_ONLY___ ══════
2020-11-13 17:33:06,708 INFO     ___FILE_ONLY___ ══════
2020-11-13 17:33:06,708 INFO     ___FILE_ONLY___ ══════
2020-11-13 17:33:06,708 INFO     ___FILE_ONLY___ ╝

2020-11-13 17:33:06,718 INFO     ___FILE_ONLY___ ╔════════════════════════════════════════════════════════════╗

2020-11-13 17:33:06,718 INFO     ___FILE_ONLY___ ╠═ Creating backup and activating new installation          ═╣

2020-11-13 17:33:06,718 INFO     ___FILE_ONLY___ ╚
2020-11-13 17:33:06,718 DEBUG    root            Attempting to move directory [/tools/google-cloud-sdk] to [/tools/google-cloud-sdk.staging/.install/.backup]
2020-11-13 17:33:06,719 INFO     ___FILE_ONLY___ ══════════════════════════════
2020-11-13 17:33:06,719 DEBUG    root            Attempting to move directory [/tools/google-cloud-sdk.staging] to [/tools/google-cloud-sdk]
2020-11-13 17:33:06,719 INFO     ___FILE_ONLY___ ══════════════════════════════
2020-11-13 17:33:06,719 INFO     ___FILE_ONLY___ ╝

2020-11-13 17:33:06,724 DEBUG    root            Updating notification cache...
2020-11-13 17:33:06,725 INFO     ___FILE_ONLY___ 

2020-11-13 17:33:06,729 INFO     ___FILE_ONLY___ Performing post processing steps...
2020-11-13 17:33:06,730 DEBUG    root            Executing command: ['python3', '-S', '/tools/google-cloud-sdk/lib/gcloud.py', 'components', 'post-process']
2020-11-13 17:33:21,389 DEBUG    ___FILE_ONLY___ 
2020-11-13 17:33:21,390 DEBUG    ___FILE_ONLY___ 
2020-11-13 17:33:21,503 INFO     ___FILE_ONLY___ 
Update done!


2020-11-13 17:33:21,509 INFO     root            Display format: "none"
